2018-02-06 11:53:38.066  INFO 6988 --- [restartedMain] c.v.review.ProductReviewApplication      : Starting ProductReviewApplication on ADMIN-PC with PID 6988 (C:\Users\ADMIN\git\ProductReview\bin started by ADMIN in C:\Users\ADMIN\git\ProductReview)
2018-02-06 11:53:38.068 DEBUG 6988 --- [restartedMain] c.v.review.ProductReviewApplication      : Running with Spring Boot v1.5.10.RELEASE, Spring v4.3.14.RELEASE
2018-02-06 11:53:38.069  INFO 6988 --- [restartedMain] c.v.review.ProductReviewApplication      : No active profile set, falling back to default profiles: default
2018-02-06 11:53:38.076  INFO 6988 --- [restartedMain] ationConfigEmbeddedWebApplicationContext : Refreshing org.springframework.boot.context.embedded.AnnotationConfigEmbeddedWebApplicationContext@cb9a5c7: startup date [Tue Feb 06 11:53:38 IST 2018]; root of context hierarchy
2018-02-06 11:53:39.104  INFO 6988 --- [restartedMain] trationDelegate$BeanPostProcessorChecker : Bean 'org.springframework.transaction.annotation.ProxyTransactionManagementConfiguration' of type [org.springframework.transaction.annotation.ProxyTransactionManagementConfiguration$$EnhancerBySpringCGLIB$$ae38776] is not eligible for getting processed by all BeanPostProcessors (for example: not eligible for auto-proxying)
2018-02-06 11:53:39.415  INFO 6988 --- [restartedMain] s.b.c.e.t.TomcatEmbeddedServletContainer : Tomcat initialized with port(s): 8888 (http)
2018-02-06 11:53:39.417  INFO 6988 --- [restartedMain] o.apache.catalina.core.StandardService   : Starting service [Tomcat]
2018-02-06 11:53:39.418  INFO 6988 --- [restartedMain] org.apache.catalina.core.StandardEngine  : Starting Servlet Engine: Apache Tomcat/8.5.27
2018-02-06 11:53:39.466  INFO 6988 --- [localhost-startStop-1] o.a.c.c.C.[Tomcat].[localhost].[/]       : Initializing Spring embedded WebApplicationContext
2018-02-06 11:53:39.468  INFO 6988 --- [localhost-startStop-1] o.s.web.context.ContextLoader            : Root WebApplicationContext: initialization completed in 1392 ms
2018-02-06 11:53:39.551  INFO 6988 --- [localhost-startStop-1] o.s.b.w.servlet.FilterRegistrationBean   : Mapping filter: 'characterEncodingFilter' to: [/*]
2018-02-06 11:53:39.552  INFO 6988 --- [localhost-startStop-1] o.s.b.w.servlet.FilterRegistrationBean   : Mapping filter: 'hiddenHttpMethodFilter' to: [/*]
2018-02-06 11:53:39.552  INFO 6988 --- [localhost-startStop-1] o.s.b.w.servlet.FilterRegistrationBean   : Mapping filter: 'httpPutFormContentFilter' to: [/*]
2018-02-06 11:53:39.552  INFO 6988 --- [localhost-startStop-1] o.s.b.w.servlet.FilterRegistrationBean   : Mapping filter: 'requestContextFilter' to: [/*]
2018-02-06 11:53:39.552  INFO 6988 --- [localhost-startStop-1] .s.DelegatingFilterProxyRegistrationBean : Mapping filter: 'springSecurityFilterChain' to: [/*]
2018-02-06 11:53:39.553  INFO 6988 --- [localhost-startStop-1] o.s.b.w.servlet.ServletRegistrationBean  : Mapping servlet: 'dispatcherServlet' to [/]
2018-02-06 11:53:39.833  INFO 6988 --- [restartedMain] j.LocalContainerEntityManagerFactoryBean : Building JPA container EntityManagerFactory for persistence unit 'default'
2018-02-06 11:53:39.833  INFO 6988 --- [restartedMain] o.hibernate.jpa.internal.util.LogHelper  : HHH000204: Processing PersistenceUnitInfo [
	name: default
	...]
2018-02-06 11:53:39.862  INFO 6988 --- [restartedMain] org.hibernate.dialect.Dialect            : HHH000400: Using dialect: org.hibernate.dialect.HSQLDialect
2018-02-06 11:53:39.897  INFO 6988 --- [restartedMain] org.hibernate.tool.hbm2ddl.SchemaExport  : HHH000227: Running hbm2ddl schema export
2018-02-06 11:53:39.901  INFO 6988 --- [restartedMain] org.hibernate.tool.hbm2ddl.SchemaExport  : HHH000230: Schema export complete
2018-02-06 11:53:39.910  INFO 6988 --- [restartedMain] j.LocalContainerEntityManagerFactoryBean : Initialized JPA EntityManagerFactory for persistence unit 'default'
2018-02-06 11:53:40.229  INFO 6988 --- [restartedMain] o.s.s.web.DefaultSecurityFilterChain     : Creating filter chain: org.springframework.security.web.util.matcher.AnyRequestMatcher@1, [com.vehicle.review.security.rest.LoginFilter@45b6af12, org.springframework.security.web.authentication.UsernamePasswordAuthenticationFilter@355e84fd, org.springframework.security.web.servletapi.SecurityContextHolderAwareRequestFilter@7342b877, org.springframework.security.web.authentication.AnonymousAuthenticationFilter@3c5e4826, org.springframework.security.web.access.ExceptionTranslationFilter@5a43271d, org.springframework.security.web.access.intercept.FilterSecurityInterceptor@7a788814]
2018-02-06 11:53:40.399  INFO 6988 --- [restartedMain] s.w.s.m.m.a.RequestMappingHandlerAdapter : Looking for @ControllerAdvice: org.springframework.boot.context.embedded.AnnotationConfigEmbeddedWebApplicationContext@cb9a5c7: startup date [Tue Feb 06 11:53:38 IST 2018]; root of context hierarchy
2018-02-06 11:53:40.422  INFO 6988 --- [restartedMain] s.w.s.m.m.a.RequestMappingHandlerMapping : Mapped "{[/api/user/{id}],methods=[GET]}" onto public org.springframework.http.ResponseEntity<com.vehicle.review.domain.User> com.vehicle.review.controller.UserController.get(java.lang.Long)
2018-02-06 11:53:40.423  INFO 6988 --- [restartedMain] s.w.s.m.m.a.RequestMappingHandlerMapping : Mapped "{[/api/user/add],methods=[POST]}" onto public org.springframework.http.ResponseEntity<?> com.vehicle.review.controller.UserController.create(com.vehicle.review.domain.User,javax.servlet.http.HttpServletRequest) throws java.net.URISyntaxException
2018-02-06 11:53:40.428  INFO 6988 --- [restartedMain] s.w.s.m.m.a.RequestMappingHandlerMapping : Mapped "{[/error]}" onto public org.springframework.http.ResponseEntity<java.util.Map<java.lang.String, java.lang.Object>> org.springframework.boot.autoconfigure.web.BasicErrorController.error(javax.servlet.http.HttpServletRequest)
2018-02-06 11:53:40.429  INFO 6988 --- [restartedMain] s.w.s.m.m.a.RequestMappingHandlerMapping : Mapped "{[/error],produces=[text/html]}" onto public org.springframework.web.servlet.ModelAndView org.springframework.boot.autoconfigure.web.BasicErrorController.errorHtml(javax.servlet.http.HttpServletRequest,javax.servlet.http.HttpServletResponse)
2018-02-06 11:53:40.449  INFO 6988 --- [restartedMain] o.s.w.s.handler.SimpleUrlHandlerMapping  : Mapped URL path [/webjars/**] onto handler of type [class org.springframework.web.servlet.resource.ResourceHttpRequestHandler]
2018-02-06 11:53:40.450  INFO 6988 --- [restartedMain] o.s.w.s.handler.SimpleUrlHandlerMapping  : Mapped URL path [/**] onto handler of type [class org.springframework.web.servlet.resource.ResourceHttpRequestHandler]
2018-02-06 11:53:40.473  INFO 6988 --- [restartedMain] .m.m.a.ExceptionHandlerExceptionResolver : Detected @ExceptionHandler methods in globalControllerExceptionHandler
2018-02-06 11:53:40.484  INFO 6988 --- [restartedMain] o.s.w.s.handler.SimpleUrlHandlerMapping  : Mapped URL path [/**/favicon.ico] onto handler of type [class org.springframework.web.servlet.resource.ResourceHttpRequestHandler]
2018-02-06 11:53:40.613  INFO 6988 --- [restartedMain] o.s.b.d.a.OptionalLiveReloadServer       : LiveReload server is running on port 35729
2018-02-06 11:53:40.739  INFO 6988 --- [restartedMain] o.s.j.e.a.AnnotationMBeanExporter        : Registering beans for JMX exposure on startup
2018-02-06 11:53:40.871  INFO 6988 --- [restartedMain] s.b.c.e.t.TomcatEmbeddedServletContainer : Tomcat started on port(s): 8888 (http)
2018-02-06 11:53:40.877  INFO 6988 --- [restartedMain] c.v.review.ProductReviewApplication      : Started ProductReviewApplication in 3.031 seconds (JVM running for 1915.407)
2018-02-06 11:53:56.458  INFO 6988 --- [http-nio-8888-exec-4] o.a.c.c.C.[Tomcat].[localhost].[/]       : Initializing Spring FrameworkServlet 'dispatcherServlet'
2018-02-06 11:53:56.459  INFO 6988 --- [http-nio-8888-exec-4] o.s.web.servlet.DispatcherServlet        : FrameworkServlet 'dispatcherServlet': initialization started
2018-02-06 11:53:56.465  INFO 6988 --- [http-nio-8888-exec-4] o.s.web.servlet.DispatcherServlet        : FrameworkServlet 'dispatcherServlet': initialization completed in 6 ms
2018-02-06 11:53:56.694 DEBUG 6988 --- [http-nio-8888-exec-4] c.v.review.service.impl.UserServiceImpl  : Created User Id is 1
2018-02-06 11:53:56.695 DEBUG 6988 --- [http-nio-8888-exec-4] c.v.review.controller.UserController     : User Id 1
2018-02-06 11:53:56.699 DEBUG 6988 --- [http-nio-8888-exec-4] c.v.review.controller.UserController     : uri/api/user/add
2018-02-06 11:54:00.735 DEBUG 6988 --- [http-nio-8888-exec-9] c.v.review.security.rest.LoginFilter     : Request is to process authentication
2018-02-06 11:54:00.739 DEBUG 6988 --- [http-nio-8888-exec-9] c.v.review.security.rest.LoginFilter     : attemptAuthentication : user.getUserName() : vignesh.r90@gmail.com
2018-02-06 11:54:00.739 DEBUG 6988 --- [http-nio-8888-exec-9] c.v.review.security.rest.LoginFilter     : attemptAuthentication : user.getPassword() : pwd12345
2018-02-06 11:54:00.740  INFO 6988 --- [http-nio-8888-exec-9] o.h.h.i.QueryTranslatorFactoryInitiator  : HHH000397: Using ASTQueryTranslatorFactory
2018-02-06 11:54:00.769 DEBUG 6988 --- [http-nio-8888-exec-9] c.v.review.security.rest.LoginFilter     : Authentication request failed: org.springframework.security.authentication.BadCredentialsException: Bad credentials

org.springframework.security.authentication.BadCredentialsException: Bad credentials
	at org.springframework.security.authentication.dao.DaoAuthenticationProvider.additionalAuthenticationChecks(DaoAuthenticationProvider.java:98) ~[spring-security-core-4.2.4.RELEASE.jar:4.2.4.RELEASE]
	at org.springframework.security.authentication.dao.AbstractUserDetailsAuthenticationProvider.authenticate(AbstractUserDetailsAuthenticationProvider.java:166) ~[spring-security-core-4.2.4.RELEASE.jar:4.2.4.RELEASE]
	at org.springframework.security.authentication.ProviderManager.authenticate(ProviderManager.java:174) ~[spring-security-core-4.2.4.RELEASE.jar:4.2.4.RELEASE]
	at com.vehicle.review.security.rest.LoginFilter.attemptAuthentication(LoginFilter.java:57) ~[bin/:na]
	at org.springframework.security.web.authentication.AbstractAuthenticationProcessingFilter.doFilter(AbstractAuthenticationProcessingFilter.java:212) ~[spring-security-web-4.2.4.RELEASE.jar:4.2.4.RELEASE]
	at org.springframework.security.web.FilterChainProxy$VirtualFilterChain.doFilter(FilterChainProxy.java:331) [spring-security-web-4.2.4.RELEASE.jar:4.2.4.RELEASE]
	at org.springframework.security.web.FilterChainProxy.doFilterInternal(FilterChainProxy.java:214) [spring-security-web-4.2.4.RELEASE.jar:4.2.4.RELEASE]
	at org.springframework.security.web.FilterChainProxy.doFilter(FilterChainProxy.java:177) [spring-security-web-4.2.4.RELEASE.jar:4.2.4.RELEASE]
	at org.springframework.web.filter.DelegatingFilterProxy.invokeDelegate(DelegatingFilterProxy.java:347) [spring-web-4.3.14.RELEASE.jar:4.3.14.RELEASE]
	at org.springframework.web.filter.DelegatingFilterProxy.doFilter(DelegatingFilterProxy.java:263) [spring-web-4.3.14.RELEASE.jar:4.3.14.RELEASE]
	at org.apache.catalina.core.ApplicationFilterChain.internalDoFilter(ApplicationFilterChain.java:193) [tomcat-embed-core-8.5.27.jar:8.5.27]
	at org.apache.catalina.core.ApplicationFilterChain.doFilter(ApplicationFilterChain.java:166) [tomcat-embed-core-8.5.27.jar:8.5.27]
	at org.springframework.web.filter.RequestContextFilter.doFilterInternal(RequestContextFilter.java:99) [spring-web-4.3.14.RELEASE.jar:4.3.14.RELEASE]
	at org.springframework.web.filter.OncePerRequestFilter.doFilter(OncePerRequestFilter.java:107) [spring-web-4.3.14.RELEASE.jar:4.3.14.RELEASE]
	at org.apache.catalina.core.ApplicationFilterChain.internalDoFilter(ApplicationFilterChain.java:193) [tomcat-embed-core-8.5.27.jar:8.5.27]
	at org.apache.catalina.core.ApplicationFilterChain.doFilter(ApplicationFilterChain.java:166) [tomcat-embed-core-8.5.27.jar:8.5.27]
	at org.springframework.web.filter.HttpPutFormContentFilter.doFilterInternal(HttpPutFormContentFilter.java:108) [spring-web-4.3.14.RELEASE.jar:4.3.14.RELEASE]
	at org.springframework.web.filter.OncePerRequestFilter.doFilter(OncePerRequestFilter.java:107) [spring-web-4.3.14.RELEASE.jar:4.3.14.RELEASE]
	at org.apache.catalina.core.ApplicationFilterChain.internalDoFilter(ApplicationFilterChain.java:193) [tomcat-embed-core-8.5.27.jar:8.5.27]
	at org.apache.catalina.core.ApplicationFilterChain.doFilter(ApplicationFilterChain.java:166) [tomcat-embed-core-8.5.27.jar:8.5.27]
	at org.springframework.web.filter.HiddenHttpMethodFilter.doFilterInternal(HiddenHttpMethodFilter.java:81) [spring-web-4.3.14.RELEASE.jar:4.3.14.RELEASE]
	at org.springframework.web.filter.OncePerRequestFilter.doFilter(OncePerRequestFilter.java:107) [spring-web-4.3.14.RELEASE.jar:4.3.14.RELEASE]
	at org.apache.catalina.core.ApplicationFilterChain.internalDoFilter(ApplicationFilterChain.java:193) [tomcat-embed-core-8.5.27.jar:8.5.27]
	at org.apache.catalina.core.ApplicationFilterChain.doFilter(ApplicationFilterChain.java:166) [tomcat-embed-core-8.5.27.jar:8.5.27]
	at org.springframework.web.filter.CharacterEncodingFilter.doFilterInternal(CharacterEncodingFilter.java:197) [spring-web-4.3.14.RELEASE.jar:4.3.14.RELEASE]
	at org.springframework.web.filter.OncePerRequestFilter.doFilter(OncePerRequestFilter.java:107) [spring-web-4.3.14.RELEASE.jar:4.3.14.RELEASE]
	at org.apache.catalina.core.ApplicationFilterChain.internalDoFilter(ApplicationFilterChain.java:193) [tomcat-embed-core-8.5.27.jar:8.5.27]
	at org.apache.catalina.core.ApplicationFilterChain.doFilter(ApplicationFilterChain.java:166) [tomcat-embed-core-8.5.27.jar:8.5.27]
	at org.apache.catalina.core.StandardWrapperValve.invoke(StandardWrapperValve.java:199) [tomcat-embed-core-8.5.27.jar:8.5.27]
	at org.apache.catalina.core.StandardContextValve.invoke(StandardContextValve.java:96) [tomcat-embed-core-8.5.27.jar:8.5.27]
	at org.apache.catalina.authenticator.AuthenticatorBase.invoke(AuthenticatorBase.java:504) [tomcat-embed-core-8.5.27.jar:8.5.27]
	at org.apache.catalina.core.StandardHostValve.invoke(StandardHostValve.java:140) [tomcat-embed-core-8.5.27.jar:8.5.27]
	at org.apache.catalina.valves.ErrorReportValve.invoke(ErrorReportValve.java:81) [tomcat-embed-core-8.5.27.jar:8.5.27]
	at org.apache.catalina.core.StandardEngineValve.invoke(StandardEngineValve.java:87) [tomcat-embed-core-8.5.27.jar:8.5.27]
	at org.apache.catalina.connector.CoyoteAdapter.service(CoyoteAdapter.java:342) [tomcat-embed-core-8.5.27.jar:8.5.27]
	at org.apache.coyote.http11.Http11Processor.service(Http11Processor.java:803) [tomcat-embed-core-8.5.27.jar:8.5.27]
	at org.apache.coyote.AbstractProcessorLight.process(AbstractProcessorLight.java:66) [tomcat-embed-core-8.5.27.jar:8.5.27]
	at org.apache.coyote.AbstractProtocol$ConnectionHandler.process(AbstractProtocol.java:790) [tomcat-embed-core-8.5.27.jar:8.5.27]
	at org.apache.tomcat.util.net.NioEndpoint$SocketProcessor.doRun(NioEndpoint.java:1459) [tomcat-embed-core-8.5.27.jar:8.5.27]
	at org.apache.tomcat.util.net.SocketProcessorBase.run(SocketProcessorBase.java:49) [tomcat-embed-core-8.5.27.jar:8.5.27]
	at java.util.concurrent.ThreadPoolExecutor.runWorker(Unknown Source) [na:1.8.0_161]
	at java.util.concurrent.ThreadPoolExecutor$Worker.run(Unknown Source) [na:1.8.0_161]
	at org.apache.tomcat.util.threads.TaskThread$WrappingRunnable.run(TaskThread.java:61) [tomcat-embed-core-8.5.27.jar:8.5.27]
	at java.lang.Thread.run(Unknown Source) [na:1.8.0_161]

2018-02-06 11:54:00.770 DEBUG 6988 --- [http-nio-8888-exec-9] c.v.review.security.rest.LoginFilter     : Updated SecurityContextHolder to contain null Authentication
2018-02-06 11:54:00.770 DEBUG 6988 --- [http-nio-8888-exec-9] c.v.review.security.rest.LoginFilter     : Delegating to authentication failure handler org.springframework.security.web.authentication.SimpleUrlAuthenticationFailureHandler@402d81ee
2018-02-06 11:58:03.167  INFO 6988 --- [Thread-60] ationConfigEmbeddedWebApplicationContext : Closing org.springframework.boot.context.embedded.AnnotationConfigEmbeddedWebApplicationContext@cb9a5c7: startup date [Tue Feb 06 11:53:38 IST 2018]; root of context hierarchy
2018-02-06 11:58:03.172  INFO 6988 --- [Thread-60] o.s.j.e.a.AnnotationMBeanExporter        : Unregistering JMX-exposed beans on shutdown
2018-02-06 11:58:03.174  INFO 6988 --- [Thread-60] j.LocalContainerEntityManagerFactoryBean : Closing JPA EntityManagerFactory for persistence unit 'default'
2018-02-06 11:58:03.174  INFO 6988 --- [Thread-60] org.hibernate.tool.hbm2ddl.SchemaExport  : HHH000227: Running hbm2ddl schema export
2018-02-06 11:58:03.177  INFO 6988 --- [Thread-60] org.hibernate.tool.hbm2ddl.SchemaExport  : HHH000230: Schema export complete
2018-02-06 11:58:04.515  INFO 6988 --- [restartedMain] c.v.review.ProductReviewApplication      : Starting ProductReviewApplication on ADMIN-PC with PID 6988 (C:\Users\ADMIN\git\ProductReview\bin started by ADMIN in C:\Users\ADMIN\git\ProductReview)
2018-02-06 11:58:04.516 DEBUG 6988 --- [restartedMain] c.v.review.ProductReviewApplication      : Running with Spring Boot v1.5.10.RELEASE, Spring v4.3.14.RELEASE
2018-02-06 11:58:04.516  INFO 6988 --- [restartedMain] c.v.review.ProductReviewApplication      : No active profile set, falling back to default profiles: default
2018-02-06 11:58:04.522  INFO 6988 --- [restartedMain] ationConfigEmbeddedWebApplicationContext : Refreshing org.springframework.boot.context.embedded.AnnotationConfigEmbeddedWebApplicationContext@4032c9c6: startup date [Tue Feb 06 11:58:04 IST 2018]; root of context hierarchy
2018-02-06 11:58:05.904  INFO 6988 --- [restartedMain] trationDelegate$BeanPostProcessorChecker : Bean 'org.springframework.transaction.annotation.ProxyTransactionManagementConfiguration' of type [org.springframework.transaction.annotation.ProxyTransactionManagementConfiguration$$EnhancerBySpringCGLIB$$ae38776] is not eligible for getting processed by all BeanPostProcessors (for example: not eligible for auto-proxying)
2018-02-06 11:58:06.273  INFO 6988 --- [restartedMain] s.b.c.e.t.TomcatEmbeddedServletContainer : Tomcat initialized with port(s): 8888 (http)
2018-02-06 11:58:06.274  INFO 6988 --- [restartedMain] o.apache.catalina.core.StandardService   : Starting service [Tomcat]
2018-02-06 11:58:06.274  INFO 6988 --- [restartedMain] org.apache.catalina.core.StandardEngine  : Starting Servlet Engine: Apache Tomcat/8.5.27
2018-02-06 11:58:06.352  INFO 6988 --- [localhost-startStop-1] o.a.c.c.C.[Tomcat].[localhost].[/]       : Initializing Spring embedded WebApplicationContext
2018-02-06 11:58:06.353  INFO 6988 --- [localhost-startStop-1] o.s.web.context.ContextLoader            : Root WebApplicationContext: initialization completed in 1831 ms
2018-02-06 11:58:06.452  INFO 6988 --- [localhost-startStop-1] o.s.b.w.servlet.FilterRegistrationBean   : Mapping filter: 'characterEncodingFilter' to: [/*]
2018-02-06 11:58:06.453  INFO 6988 --- [localhost-startStop-1] o.s.b.w.servlet.FilterRegistrationBean   : Mapping filter: 'hiddenHttpMethodFilter' to: [/*]
2018-02-06 11:58:06.454  INFO 6988 --- [localhost-startStop-1] o.s.b.w.servlet.FilterRegistrationBean   : Mapping filter: 'httpPutFormContentFilter' to: [/*]
2018-02-06 11:58:06.454  INFO 6988 --- [localhost-startStop-1] o.s.b.w.servlet.FilterRegistrationBean   : Mapping filter: 'requestContextFilter' to: [/*]
2018-02-06 11:58:06.454  INFO 6988 --- [localhost-startStop-1] .s.DelegatingFilterProxyRegistrationBean : Mapping filter: 'springSecurityFilterChain' to: [/*]
2018-02-06 11:58:06.454  INFO 6988 --- [localhost-startStop-1] o.s.b.w.servlet.ServletRegistrationBean  : Mapping servlet: 'dispatcherServlet' to [/]
2018-02-06 11:58:06.764  INFO 6988 --- [restartedMain] j.LocalContainerEntityManagerFactoryBean : Building JPA container EntityManagerFactory for persistence unit 'default'
2018-02-06 11:58:06.765  INFO 6988 --- [restartedMain] o.hibernate.jpa.internal.util.LogHelper  : HHH000204: Processing PersistenceUnitInfo [
	name: default
	...]
2018-02-06 11:58:06.790  INFO 6988 --- [restartedMain] org.hibernate.dialect.Dialect            : HHH000400: Using dialect: org.hibernate.dialect.HSQLDialect
2018-02-06 11:58:06.832  INFO 6988 --- [restartedMain] org.hibernate.tool.hbm2ddl.SchemaExport  : HHH000227: Running hbm2ddl schema export
2018-02-06 11:58:06.836  INFO 6988 --- [restartedMain] org.hibernate.tool.hbm2ddl.SchemaExport  : HHH000230: Schema export complete
2018-02-06 11:58:06.838  INFO 6988 --- [restartedMain] j.LocalContainerEntityManagerFactoryBean : Initialized JPA EntityManagerFactory for persistence unit 'default'
2018-02-06 11:58:07.150  INFO 6988 --- [restartedMain] o.s.s.web.DefaultSecurityFilterChain     : Creating filter chain: org.springframework.security.web.util.matcher.AnyRequestMatcher@1, [com.vehicle.review.security.rest.LoginFilter@740ca34d, org.springframework.security.web.authentication.UsernamePasswordAuthenticationFilter@1efe645c, org.springframework.security.web.servletapi.SecurityContextHolderAwareRequestFilter@85fbbaf, org.springframework.security.web.authentication.AnonymousAuthenticationFilter@7fd80d8f, org.springframework.security.web.access.ExceptionTranslationFilter@51973710, org.springframework.security.web.access.intercept.FilterSecurityInterceptor@eff6f6f]
2018-02-06 11:58:07.311  INFO 6988 --- [restartedMain] s.w.s.m.m.a.RequestMappingHandlerAdapter : Looking for @ControllerAdvice: org.springframework.boot.context.embedded.AnnotationConfigEmbeddedWebApplicationContext@4032c9c6: startup date [Tue Feb 06 11:58:04 IST 2018]; root of context hierarchy
2018-02-06 11:58:07.333  INFO 6988 --- [restartedMain] s.w.s.m.m.a.RequestMappingHandlerMapping : Mapped "{[/api/user/{id}],methods=[GET]}" onto public org.springframework.http.ResponseEntity<com.vehicle.review.domain.User> com.vehicle.review.controller.UserController.get(java.lang.Long)
2018-02-06 11:58:07.335  INFO 6988 --- [restartedMain] s.w.s.m.m.a.RequestMappingHandlerMapping : Mapped "{[/api/user/add],methods=[POST]}" onto public org.springframework.http.ResponseEntity<?> com.vehicle.review.controller.UserController.create(com.vehicle.review.domain.User,javax.servlet.http.HttpServletRequest) throws java.net.URISyntaxException
2018-02-06 11:58:07.339  INFO 6988 --- [restartedMain] s.w.s.m.m.a.RequestMappingHandlerMapping : Mapped "{[/error]}" onto public org.springframework.http.ResponseEntity<java.util.Map<java.lang.String, java.lang.Object>> org.springframework.boot.autoconfigure.web.BasicErrorController.error(javax.servlet.http.HttpServletRequest)
2018-02-06 11:58:07.340  INFO 6988 --- [restartedMain] s.w.s.m.m.a.RequestMappingHandlerMapping : Mapped "{[/error],produces=[text/html]}" onto public org.springframework.web.servlet.ModelAndView org.springframework.boot.autoconfigure.web.BasicErrorController.errorHtml(javax.servlet.http.HttpServletRequest,javax.servlet.http.HttpServletResponse)
2018-02-06 11:58:07.357  INFO 6988 --- [restartedMain] o.s.w.s.handler.SimpleUrlHandlerMapping  : Mapped URL path [/webjars/**] onto handler of type [class org.springframework.web.servlet.resource.ResourceHttpRequestHandler]
2018-02-06 11:58:07.357  INFO 6988 --- [restartedMain] o.s.w.s.handler.SimpleUrlHandlerMapping  : Mapped URL path [/**] onto handler of type [class org.springframework.web.servlet.resource.ResourceHttpRequestHandler]
2018-02-06 11:58:07.375  INFO 6988 --- [restartedMain] .m.m.a.ExceptionHandlerExceptionResolver : Detected @ExceptionHandler methods in globalControllerExceptionHandler
2018-02-06 11:58:07.385  INFO 6988 --- [restartedMain] o.s.w.s.handler.SimpleUrlHandlerMapping  : Mapped URL path [/**/favicon.ico] onto handler of type [class org.springframework.web.servlet.resource.ResourceHttpRequestHandler]
2018-02-06 11:58:07.568  INFO 6988 --- [restartedMain] o.s.b.d.a.OptionalLiveReloadServer       : LiveReload server is running on port 35729
2018-02-06 11:58:07.697  INFO 6988 --- [restartedMain] o.s.j.e.a.AnnotationMBeanExporter        : Registering beans for JMX exposure on startup
2018-02-06 11:58:07.759  INFO 6988 --- [restartedMain] s.b.c.e.t.TomcatEmbeddedServletContainer : Tomcat started on port(s): 8888 (http)
2018-02-06 11:58:07.766  INFO 6988 --- [restartedMain] c.v.review.ProductReviewApplication      : Started ProductReviewApplication in 3.472 seconds (JVM running for 2182.293)
2018-02-06 11:58:50.949  INFO 6988 --- [Thread-67] ationConfigEmbeddedWebApplicationContext : Closing org.springframework.boot.context.embedded.AnnotationConfigEmbeddedWebApplicationContext@4032c9c6: startup date [Tue Feb 06 11:58:04 IST 2018]; root of context hierarchy
2018-02-06 11:58:50.953  INFO 6988 --- [Thread-67] o.s.j.e.a.AnnotationMBeanExporter        : Unregistering JMX-exposed beans on shutdown
2018-02-06 11:58:50.954  INFO 6988 --- [Thread-67] j.LocalContainerEntityManagerFactoryBean : Closing JPA EntityManagerFactory for persistence unit 'default'
2018-02-06 11:58:50.954  INFO 6988 --- [Thread-67] org.hibernate.tool.hbm2ddl.SchemaExport  : HHH000227: Running hbm2ddl schema export
2018-02-06 11:58:50.958  INFO 6988 --- [Thread-67] org.hibernate.tool.hbm2ddl.SchemaExport  : HHH000230: Schema export complete
2018-02-06 11:58:52.164  INFO 6988 --- [restartedMain] c.v.review.ProductReviewApplication      : Starting ProductReviewApplication on ADMIN-PC with PID 6988 (C:\Users\ADMIN\git\ProductReview\bin started by ADMIN in C:\Users\ADMIN\git\ProductReview)
2018-02-06 11:58:52.165 DEBUG 6988 --- [restartedMain] c.v.review.ProductReviewApplication      : Running with Spring Boot v1.5.10.RELEASE, Spring v4.3.14.RELEASE
2018-02-06 11:58:52.165  INFO 6988 --- [restartedMain] c.v.review.ProductReviewApplication      : No active profile set, falling back to default profiles: default
2018-02-06 11:58:52.169  INFO 6988 --- [restartedMain] ationConfigEmbeddedWebApplicationContext : Refreshing org.springframework.boot.context.embedded.AnnotationConfigEmbeddedWebApplicationContext@235f5820: startup date [Tue Feb 06 11:58:52 IST 2018]; root of context hierarchy
2018-02-06 11:58:53.160  INFO 6988 --- [restartedMain] trationDelegate$BeanPostProcessorChecker : Bean 'org.springframework.transaction.annotation.ProxyTransactionManagementConfiguration' of type [org.springframework.transaction.annotation.ProxyTransactionManagementConfiguration$$EnhancerBySpringCGLIB$$ae38776] is not eligible for getting processed by all BeanPostProcessors (for example: not eligible for auto-proxying)
2018-02-06 11:58:53.466  INFO 6988 --- [restartedMain] s.b.c.e.t.TomcatEmbeddedServletContainer : Tomcat initialized with port(s): 8888 (http)
2018-02-06 11:58:53.467  INFO 6988 --- [restartedMain] o.apache.catalina.core.StandardService   : Starting service [Tomcat]
2018-02-06 11:58:53.468  INFO 6988 --- [restartedMain] org.apache.catalina.core.StandardEngine  : Starting Servlet Engine: Apache Tomcat/8.5.27
2018-02-06 11:58:53.502  INFO 6988 --- [localhost-startStop-1] o.a.c.c.C.[Tomcat].[localhost].[/]       : Initializing Spring embedded WebApplicationContext
2018-02-06 11:58:53.503  INFO 6988 --- [localhost-startStop-1] o.s.web.context.ContextLoader            : Root WebApplicationContext: initialization completed in 1334 ms
2018-02-06 11:58:53.572  INFO 6988 --- [localhost-startStop-1] o.s.b.w.servlet.FilterRegistrationBean   : Mapping filter: 'characterEncodingFilter' to: [/*]
2018-02-06 11:58:53.572  INFO 6988 --- [localhost-startStop-1] o.s.b.w.servlet.FilterRegistrationBean   : Mapping filter: 'hiddenHttpMethodFilter' to: [/*]
2018-02-06 11:58:53.573  INFO 6988 --- [localhost-startStop-1] o.s.b.w.servlet.FilterRegistrationBean   : Mapping filter: 'httpPutFormContentFilter' to: [/*]
2018-02-06 11:58:53.573  INFO 6988 --- [localhost-startStop-1] o.s.b.w.servlet.FilterRegistrationBean   : Mapping filter: 'requestContextFilter' to: [/*]
2018-02-06 11:58:53.573  INFO 6988 --- [localhost-startStop-1] .s.DelegatingFilterProxyRegistrationBean : Mapping filter: 'springSecurityFilterChain' to: [/*]
2018-02-06 11:58:53.573  INFO 6988 --- [localhost-startStop-1] o.s.b.w.servlet.ServletRegistrationBean  : Mapping servlet: 'dispatcherServlet' to [/]
2018-02-06 11:58:53.794  INFO 6988 --- [restartedMain] j.LocalContainerEntityManagerFactoryBean : Building JPA container EntityManagerFactory for persistence unit 'default'
2018-02-06 11:58:53.795  INFO 6988 --- [restartedMain] o.hibernate.jpa.internal.util.LogHelper  : HHH000204: Processing PersistenceUnitInfo [
	name: default
	...]
2018-02-06 11:58:53.819  INFO 6988 --- [restartedMain] org.hibernate.dialect.Dialect            : HHH000400: Using dialect: org.hibernate.dialect.HSQLDialect
2018-02-06 11:58:53.873  INFO 6988 --- [restartedMain] org.hibernate.tool.hbm2ddl.SchemaExport  : HHH000227: Running hbm2ddl schema export
2018-02-06 11:58:53.877  INFO 6988 --- [restartedMain] org.hibernate.tool.hbm2ddl.SchemaExport  : HHH000230: Schema export complete
2018-02-06 11:58:53.879  INFO 6988 --- [restartedMain] j.LocalContainerEntityManagerFactoryBean : Initialized JPA EntityManagerFactory for persistence unit 'default'
2018-02-06 11:58:54.197  INFO 6988 --- [restartedMain] o.s.s.web.DefaultSecurityFilterChain     : Creating filter chain: org.springframework.security.web.util.matcher.AnyRequestMatcher@1, [com.vehicle.review.security.rest.LoginFilter@53b73d93, org.springframework.security.web.authentication.UsernamePasswordAuthenticationFilter@5352c372, org.springframework.security.web.servletapi.SecurityContextHolderAwareRequestFilter@3ca72760, org.springframework.security.web.authentication.AnonymousAuthenticationFilter@1a279b17, org.springframework.security.web.access.ExceptionTranslationFilter@659e5dc4, org.springframework.security.web.access.intercept.FilterSecurityInterceptor@6cf7705d]
2018-02-06 11:58:54.410  INFO 6988 --- [restartedMain] s.w.s.m.m.a.RequestMappingHandlerAdapter : Looking for @ControllerAdvice: org.springframework.boot.context.embedded.AnnotationConfigEmbeddedWebApplicationContext@235f5820: startup date [Tue Feb 06 11:58:52 IST 2018]; root of context hierarchy
2018-02-06 11:58:54.448  INFO 6988 --- [restartedMain] s.w.s.m.m.a.RequestMappingHandlerMapping : Mapped "{[/api/user/{id}],methods=[GET]}" onto public org.springframework.http.ResponseEntity<com.vehicle.review.domain.User> com.vehicle.review.controller.UserController.get(java.lang.Long)
2018-02-06 11:58:54.449  INFO 6988 --- [restartedMain] s.w.s.m.m.a.RequestMappingHandlerMapping : Mapped "{[/api/user/add],methods=[POST]}" onto public org.springframework.http.ResponseEntity<?> com.vehicle.review.controller.UserController.create(com.vehicle.review.domain.User,javax.servlet.http.HttpServletRequest) throws java.net.URISyntaxException
2018-02-06 11:58:54.453  INFO 6988 --- [restartedMain] s.w.s.m.m.a.RequestMappingHandlerMapping : Mapped "{[/error]}" onto public org.springframework.http.ResponseEntity<java.util.Map<java.lang.String, java.lang.Object>> org.springframework.boot.autoconfigure.web.BasicErrorController.error(javax.servlet.http.HttpServletRequest)
2018-02-06 11:58:54.454  INFO 6988 --- [restartedMain] s.w.s.m.m.a.RequestMappingHandlerMapping : Mapped "{[/error],produces=[text/html]}" onto public org.springframework.web.servlet.ModelAndView org.springframework.boot.autoconfigure.web.BasicErrorController.errorHtml(javax.servlet.http.HttpServletRequest,javax.servlet.http.HttpServletResponse)
2018-02-06 11:58:54.486  INFO 6988 --- [restartedMain] o.s.w.s.handler.SimpleUrlHandlerMapping  : Mapped URL path [/webjars/**] onto handler of type [class org.springframework.web.servlet.resource.ResourceHttpRequestHandler]
2018-02-06 11:58:54.487  INFO 6988 --- [restartedMain] o.s.w.s.handler.SimpleUrlHandlerMapping  : Mapped URL path [/**] onto handler of type [class org.springframework.web.servlet.resource.ResourceHttpRequestHandler]
2018-02-06 11:58:54.505  INFO 6988 --- [restartedMain] .m.m.a.ExceptionHandlerExceptionResolver : Detected @ExceptionHandler methods in globalControllerExceptionHandler
2018-02-06 11:58:54.516  INFO 6988 --- [restartedMain] o.s.w.s.handler.SimpleUrlHandlerMapping  : Mapped URL path [/**/favicon.ico] onto handler of type [class org.springframework.web.servlet.resource.ResourceHttpRequestHandler]
2018-02-06 11:58:54.673  INFO 6988 --- [restartedMain] o.s.b.d.a.OptionalLiveReloadServer       : LiveReload server is running on port 35729
2018-02-06 11:58:54.768  INFO 6988 --- [restartedMain] o.s.j.e.a.AnnotationMBeanExporter        : Registering beans for JMX exposure on startup
2018-02-06 11:58:54.826  INFO 6988 --- [restartedMain] s.b.c.e.t.TomcatEmbeddedServletContainer : Tomcat started on port(s): 8888 (http)
2018-02-06 11:58:54.830  INFO 6988 --- [restartedMain] c.v.review.ProductReviewApplication      : Started ProductReviewApplication in 2.743 seconds (JVM running for 2229.357)
2018-02-06 11:59:06.224  INFO 6988 --- [http-nio-8888-exec-1] o.a.c.c.C.[Tomcat].[localhost].[/]       : Initializing Spring FrameworkServlet 'dispatcherServlet'
2018-02-06 11:59:06.225  INFO 6988 --- [http-nio-8888-exec-1] o.s.web.servlet.DispatcherServlet        : FrameworkServlet 'dispatcherServlet': initialization started
2018-02-06 11:59:06.233  INFO 6988 --- [http-nio-8888-exec-1] o.s.web.servlet.DispatcherServlet        : FrameworkServlet 'dispatcherServlet': initialization completed in 8 ms
2018-02-06 11:59:06.259 DEBUG 6988 --- [http-nio-8888-exec-1] c.v.review.service.impl.UserServiceImpl  : encryptPassword : passwd : pwd12345
2018-02-06 11:59:06.504 DEBUG 6988 --- [http-nio-8888-exec-1] c.v.review.service.impl.UserServiceImpl  : encryptPassword : encrypPpasswd : $2a$10$CjgZ.7Yck6TKnNgkLctheuV7zVKBwrukykj5RP5uNn9zRqoysrjeu
2018-02-06 11:59:06.519 DEBUG 6988 --- [http-nio-8888-exec-1] c.v.review.service.impl.UserServiceImpl  : Created User Id is 1
2018-02-06 11:59:06.519 DEBUG 6988 --- [http-nio-8888-exec-1] c.v.review.controller.UserController     : User Id 1
2018-02-06 11:59:06.519 DEBUG 6988 --- [http-nio-8888-exec-1] c.v.review.controller.UserController     : uri/api/user/add
2018-02-06 11:59:11.000 DEBUG 6988 --- [http-nio-8888-exec-2] c.v.review.security.rest.LoginFilter     : Request is to process authentication
2018-02-06 11:59:11.004 DEBUG 6988 --- [http-nio-8888-exec-2] c.v.review.security.rest.LoginFilter     : attemptAuthentication : user.getUserName() : vignesh.r90@gmail.com
2018-02-06 11:59:11.005 DEBUG 6988 --- [http-nio-8888-exec-2] c.v.review.security.rest.LoginFilter     : attemptAuthentication : user.getPassword() : pwd12345
2018-02-06 11:59:11.007  INFO 6988 --- [http-nio-8888-exec-2] o.h.h.i.QueryTranslatorFactoryInitiator  : HHH000397: Using ASTQueryTranslatorFactory
2018-02-06 11:59:11.096 DEBUG 6988 --- [http-nio-8888-exec-2] c.v.review.security.rest.LoginFilter     : Authentication request failed: org.springframework.security.authentication.BadCredentialsException: Bad credentials

org.springframework.security.authentication.BadCredentialsException: Bad credentials
	at org.springframework.security.authentication.dao.DaoAuthenticationProvider.additionalAuthenticationChecks(DaoAuthenticationProvider.java:98) ~[spring-security-core-4.2.4.RELEASE.jar:4.2.4.RELEASE]
	at org.springframework.security.authentication.dao.AbstractUserDetailsAuthenticationProvider.authenticate(AbstractUserDetailsAuthenticationProvider.java:166) ~[spring-security-core-4.2.4.RELEASE.jar:4.2.4.RELEASE]
	at org.springframework.security.authentication.ProviderManager.authenticate(ProviderManager.java:174) ~[spring-security-core-4.2.4.RELEASE.jar:4.2.4.RELEASE]
	at com.vehicle.review.security.rest.LoginFilter.attemptAuthentication(LoginFilter.java:57) ~[bin/:na]
	at org.springframework.security.web.authentication.AbstractAuthenticationProcessingFilter.doFilter(AbstractAuthenticationProcessingFilter.java:212) ~[spring-security-web-4.2.4.RELEASE.jar:4.2.4.RELEASE]
	at org.springframework.security.web.FilterChainProxy$VirtualFilterChain.doFilter(FilterChainProxy.java:331) [spring-security-web-4.2.4.RELEASE.jar:4.2.4.RELEASE]
	at org.springframework.security.web.FilterChainProxy.doFilterInternal(FilterChainProxy.java:214) [spring-security-web-4.2.4.RELEASE.jar:4.2.4.RELEASE]
	at org.springframework.security.web.FilterChainProxy.doFilter(FilterChainProxy.java:177) [spring-security-web-4.2.4.RELEASE.jar:4.2.4.RELEASE]
	at org.springframework.web.filter.DelegatingFilterProxy.invokeDelegate(DelegatingFilterProxy.java:347) [spring-web-4.3.14.RELEASE.jar:4.3.14.RELEASE]
	at org.springframework.web.filter.DelegatingFilterProxy.doFilter(DelegatingFilterProxy.java:263) [spring-web-4.3.14.RELEASE.jar:4.3.14.RELEASE]
	at org.apache.catalina.core.ApplicationFilterChain.internalDoFilter(ApplicationFilterChain.java:193) [tomcat-embed-core-8.5.27.jar:8.5.27]
	at org.apache.catalina.core.ApplicationFilterChain.doFilter(ApplicationFilterChain.java:166) [tomcat-embed-core-8.5.27.jar:8.5.27]
	at org.springframework.web.filter.RequestContextFilter.doFilterInternal(RequestContextFilter.java:99) [spring-web-4.3.14.RELEASE.jar:4.3.14.RELEASE]
	at org.springframework.web.filter.OncePerRequestFilter.doFilter(OncePerRequestFilter.java:107) [spring-web-4.3.14.RELEASE.jar:4.3.14.RELEASE]
	at org.apache.catalina.core.ApplicationFilterChain.internalDoFilter(ApplicationFilterChain.java:193) [tomcat-embed-core-8.5.27.jar:8.5.27]
	at org.apache.catalina.core.ApplicationFilterChain.doFilter(ApplicationFilterChain.java:166) [tomcat-embed-core-8.5.27.jar:8.5.27]
	at org.springframework.web.filter.HttpPutFormContentFilter.doFilterInternal(HttpPutFormContentFilter.java:108) [spring-web-4.3.14.RELEASE.jar:4.3.14.RELEASE]
	at org.springframework.web.filter.OncePerRequestFilter.doFilter(OncePerRequestFilter.java:107) [spring-web-4.3.14.RELEASE.jar:4.3.14.RELEASE]
	at org.apache.catalina.core.ApplicationFilterChain.internalDoFilter(ApplicationFilterChain.java:193) [tomcat-embed-core-8.5.27.jar:8.5.27]
	at org.apache.catalina.core.ApplicationFilterChain.doFilter(ApplicationFilterChain.java:166) [tomcat-embed-core-8.5.27.jar:8.5.27]
	at org.springframework.web.filter.HiddenHttpMethodFilter.doFilterInternal(HiddenHttpMethodFilter.java:81) [spring-web-4.3.14.RELEASE.jar:4.3.14.RELEASE]
	at org.springframework.web.filter.OncePerRequestFilter.doFilter(OncePerRequestFilter.java:107) [spring-web-4.3.14.RELEASE.jar:4.3.14.RELEASE]
	at org.apache.catalina.core.ApplicationFilterChain.internalDoFilter(ApplicationFilterChain.java:193) [tomcat-embed-core-8.5.27.jar:8.5.27]
	at org.apache.catalina.core.ApplicationFilterChain.doFilter(ApplicationFilterChain.java:166) [tomcat-embed-core-8.5.27.jar:8.5.27]
	at org.springframework.web.filter.CharacterEncodingFilter.doFilterInternal(CharacterEncodingFilter.java:197) [spring-web-4.3.14.RELEASE.jar:4.3.14.RELEASE]
	at org.springframework.web.filter.OncePerRequestFilter.doFilter(OncePerRequestFilter.java:107) [spring-web-4.3.14.RELEASE.jar:4.3.14.RELEASE]
	at org.apache.catalina.core.ApplicationFilterChain.internalDoFilter(ApplicationFilterChain.java:193) [tomcat-embed-core-8.5.27.jar:8.5.27]
	at org.apache.catalina.core.ApplicationFilterChain.doFilter(ApplicationFilterChain.java:166) [tomcat-embed-core-8.5.27.jar:8.5.27]
	at org.apache.catalina.core.StandardWrapperValve.invoke(StandardWrapperValve.java:199) [tomcat-embed-core-8.5.27.jar:8.5.27]
	at org.apache.catalina.core.StandardContextValve.invoke(StandardContextValve.java:96) [tomcat-embed-core-8.5.27.jar:8.5.27]
	at org.apache.catalina.authenticator.AuthenticatorBase.invoke(AuthenticatorBase.java:504) [tomcat-embed-core-8.5.27.jar:8.5.27]
	at org.apache.catalina.core.StandardHostValve.invoke(StandardHostValve.java:140) [tomcat-embed-core-8.5.27.jar:8.5.27]
	at org.apache.catalina.valves.ErrorReportValve.invoke(ErrorReportValve.java:81) [tomcat-embed-core-8.5.27.jar:8.5.27]
	at org.apache.catalina.core.StandardEngineValve.invoke(StandardEngineValve.java:87) [tomcat-embed-core-8.5.27.jar:8.5.27]
	at org.apache.catalina.connector.CoyoteAdapter.service(CoyoteAdapter.java:342) [tomcat-embed-core-8.5.27.jar:8.5.27]
	at org.apache.coyote.http11.Http11Processor.service(Http11Processor.java:803) [tomcat-embed-core-8.5.27.jar:8.5.27]
	at org.apache.coyote.AbstractProcessorLight.process(AbstractProcessorLight.java:66) [tomcat-embed-core-8.5.27.jar:8.5.27]
	at org.apache.coyote.AbstractProtocol$ConnectionHandler.process(AbstractProtocol.java:790) [tomcat-embed-core-8.5.27.jar:8.5.27]
	at org.apache.tomcat.util.net.NioEndpoint$SocketProcessor.doRun(NioEndpoint.java:1459) [tomcat-embed-core-8.5.27.jar:8.5.27]
	at org.apache.tomcat.util.net.SocketProcessorBase.run(SocketProcessorBase.java:49) [tomcat-embed-core-8.5.27.jar:8.5.27]
	at java.util.concurrent.ThreadPoolExecutor.runWorker(Unknown Source) [na:1.8.0_161]
	at java.util.concurrent.ThreadPoolExecutor$Worker.run(Unknown Source) [na:1.8.0_161]
	at org.apache.tomcat.util.threads.TaskThread$WrappingRunnable.run(TaskThread.java:61) [tomcat-embed-core-8.5.27.jar:8.5.27]
	at java.lang.Thread.run(Unknown Source) [na:1.8.0_161]

2018-02-06 11:59:11.097 DEBUG 6988 --- [http-nio-8888-exec-2] c.v.review.security.rest.LoginFilter     : Updated SecurityContextHolder to contain null Authentication
2018-02-06 11:59:11.098 DEBUG 6988 --- [http-nio-8888-exec-2] c.v.review.security.rest.LoginFilter     : Delegating to authentication failure handler org.springframework.security.web.authentication.SimpleUrlAuthenticationFailureHandler@620767a2
2018-02-06 12:04:13.408  INFO 6988 --- [Thread-74] ationConfigEmbeddedWebApplicationContext : Closing org.springframework.boot.context.embedded.AnnotationConfigEmbeddedWebApplicationContext@235f5820: startup date [Tue Feb 06 11:58:52 IST 2018]; root of context hierarchy
2018-02-06 12:04:13.412  INFO 6988 --- [Thread-74] o.s.j.e.a.AnnotationMBeanExporter        : Unregistering JMX-exposed beans on shutdown
2018-02-06 12:04:13.413  INFO 6988 --- [Thread-74] j.LocalContainerEntityManagerFactoryBean : Closing JPA EntityManagerFactory for persistence unit 'default'
2018-02-06 12:04:13.414  INFO 6988 --- [Thread-74] org.hibernate.tool.hbm2ddl.SchemaExport  : HHH000227: Running hbm2ddl schema export
2018-02-06 12:04:13.416  INFO 6988 --- [Thread-74] org.hibernate.tool.hbm2ddl.SchemaExport  : HHH000230: Schema export complete
2018-02-06 12:04:15.264  INFO 6988 --- [restartedMain] c.v.review.ProductReviewApplication      : Starting ProductReviewApplication on ADMIN-PC with PID 6988 (C:\Users\ADMIN\git\ProductReview\bin started by ADMIN in C:\Users\ADMIN\git\ProductReview)
2018-02-06 12:04:15.265 DEBUG 6988 --- [restartedMain] c.v.review.ProductReviewApplication      : Running with Spring Boot v1.5.10.RELEASE, Spring v4.3.14.RELEASE
2018-02-06 12:04:15.265  INFO 6988 --- [restartedMain] c.v.review.ProductReviewApplication      : No active profile set, falling back to default profiles: default
2018-02-06 12:04:15.271  INFO 6988 --- [restartedMain] ationConfigEmbeddedWebApplicationContext : Refreshing org.springframework.boot.context.embedded.AnnotationConfigEmbeddedWebApplicationContext@2113f13: startup date [Tue Feb 06 12:04:15 IST 2018]; root of context hierarchy
2018-02-06 12:04:16.139  INFO 6988 --- [restartedMain] trationDelegate$BeanPostProcessorChecker : Bean 'org.springframework.transaction.annotation.ProxyTransactionManagementConfiguration' of type [org.springframework.transaction.annotation.ProxyTransactionManagementConfiguration$$EnhancerBySpringCGLIB$$ae38776] is not eligible for getting processed by all BeanPostProcessors (for example: not eligible for auto-proxying)
2018-02-06 12:04:16.449  INFO 6988 --- [restartedMain] s.b.c.e.t.TomcatEmbeddedServletContainer : Tomcat initialized with port(s): 8888 (http)
2018-02-06 12:04:16.450  INFO 6988 --- [restartedMain] o.apache.catalina.core.StandardService   : Starting service [Tomcat]
2018-02-06 12:04:16.450  INFO 6988 --- [restartedMain] org.apache.catalina.core.StandardEngine  : Starting Servlet Engine: Apache Tomcat/8.5.27
2018-02-06 12:04:16.509  INFO 6988 --- [localhost-startStop-1] o.a.c.c.C.[Tomcat].[localhost].[/]       : Initializing Spring embedded WebApplicationContext
2018-02-06 12:04:16.510  INFO 6988 --- [localhost-startStop-1] o.s.web.context.ContextLoader            : Root WebApplicationContext: initialization completed in 1240 ms
2018-02-06 12:04:16.597  INFO 6988 --- [localhost-startStop-1] o.s.b.w.servlet.FilterRegistrationBean   : Mapping filter: 'characterEncodingFilter' to: [/*]
2018-02-06 12:04:16.597  INFO 6988 --- [localhost-startStop-1] o.s.b.w.servlet.FilterRegistrationBean   : Mapping filter: 'hiddenHttpMethodFilter' to: [/*]
2018-02-06 12:04:16.597  INFO 6988 --- [localhost-startStop-1] o.s.b.w.servlet.FilterRegistrationBean   : Mapping filter: 'httpPutFormContentFilter' to: [/*]
2018-02-06 12:04:16.597  INFO 6988 --- [localhost-startStop-1] o.s.b.w.servlet.FilterRegistrationBean   : Mapping filter: 'requestContextFilter' to: [/*]
2018-02-06 12:04:16.597  INFO 6988 --- [localhost-startStop-1] .s.DelegatingFilterProxyRegistrationBean : Mapping filter: 'springSecurityFilterChain' to: [/*]
2018-02-06 12:04:16.598  INFO 6988 --- [localhost-startStop-1] o.s.b.w.servlet.ServletRegistrationBean  : Mapping servlet: 'dispatcherServlet' to [/]
2018-02-06 12:04:16.842  INFO 6988 --- [restartedMain] j.LocalContainerEntityManagerFactoryBean : Building JPA container EntityManagerFactory for persistence unit 'default'
2018-02-06 12:04:16.843  INFO 6988 --- [restartedMain] o.hibernate.jpa.internal.util.LogHelper  : HHH000204: Processing PersistenceUnitInfo [
	name: default
	...]
2018-02-06 12:04:16.876  INFO 6988 --- [restartedMain] org.hibernate.dialect.Dialect            : HHH000400: Using dialect: org.hibernate.dialect.HSQLDialect
2018-02-06 12:04:16.918  INFO 6988 --- [restartedMain] org.hibernate.tool.hbm2ddl.SchemaExport  : HHH000227: Running hbm2ddl schema export
2018-02-06 12:04:16.920  INFO 6988 --- [restartedMain] org.hibernate.tool.hbm2ddl.SchemaExport  : HHH000230: Schema export complete
2018-02-06 12:04:16.922  INFO 6988 --- [restartedMain] j.LocalContainerEntityManagerFactoryBean : Initialized JPA EntityManagerFactory for persistence unit 'default'
2018-02-06 12:04:17.281  INFO 6988 --- [restartedMain] o.s.s.web.DefaultSecurityFilterChain     : Creating filter chain: org.springframework.security.web.util.matcher.AnyRequestMatcher@1, [com.vehicle.review.security.rest.LoginFilter@626a5abc, org.springframework.security.web.authentication.UsernamePasswordAuthenticationFilter@2c72aa42, org.springframework.security.web.servletapi.SecurityContextHolderAwareRequestFilter@6ec09f17, org.springframework.security.web.authentication.AnonymousAuthenticationFilter@58cfe73, org.springframework.security.web.access.ExceptionTranslationFilter@634b6e6f, org.springframework.security.web.access.intercept.FilterSecurityInterceptor@4a5ea307]
2018-02-06 12:04:17.440  INFO 6988 --- [restartedMain] s.w.s.m.m.a.RequestMappingHandlerAdapter : Looking for @ControllerAdvice: org.springframework.boot.context.embedded.AnnotationConfigEmbeddedWebApplicationContext@2113f13: startup date [Tue Feb 06 12:04:15 IST 2018]; root of context hierarchy
2018-02-06 12:04:17.463  INFO 6988 --- [restartedMain] s.w.s.m.m.a.RequestMappingHandlerMapping : Mapped "{[/api/user/{id}],methods=[GET]}" onto public org.springframework.http.ResponseEntity<com.vehicle.review.domain.User> com.vehicle.review.controller.UserController.get(java.lang.Long)
2018-02-06 12:04:17.464  INFO 6988 --- [restartedMain] s.w.s.m.m.a.RequestMappingHandlerMapping : Mapped "{[/api/user/add],methods=[POST]}" onto public org.springframework.http.ResponseEntity<?> com.vehicle.review.controller.UserController.create(com.vehicle.review.domain.User,javax.servlet.http.HttpServletRequest) throws java.net.URISyntaxException
2018-02-06 12:04:17.468  INFO 6988 --- [restartedMain] s.w.s.m.m.a.RequestMappingHandlerMapping : Mapped "{[/error]}" onto public org.springframework.http.ResponseEntity<java.util.Map<java.lang.String, java.lang.Object>> org.springframework.boot.autoconfigure.web.BasicErrorController.error(javax.servlet.http.HttpServletRequest)
2018-02-06 12:04:17.469  INFO 6988 --- [restartedMain] s.w.s.m.m.a.RequestMappingHandlerMapping : Mapped "{[/error],produces=[text/html]}" onto public org.springframework.web.servlet.ModelAndView org.springframework.boot.autoconfigure.web.BasicErrorController.errorHtml(javax.servlet.http.HttpServletRequest,javax.servlet.http.HttpServletResponse)
2018-02-06 12:04:17.488  INFO 6988 --- [restartedMain] o.s.w.s.handler.SimpleUrlHandlerMapping  : Mapped URL path [/webjars/**] onto handler of type [class org.springframework.web.servlet.resource.ResourceHttpRequestHandler]
2018-02-06 12:04:17.488  INFO 6988 --- [restartedMain] o.s.w.s.handler.SimpleUrlHandlerMapping  : Mapped URL path [/**] onto handler of type [class org.springframework.web.servlet.resource.ResourceHttpRequestHandler]
2018-02-06 12:04:17.507  INFO 6988 --- [restartedMain] .m.m.a.ExceptionHandlerExceptionResolver : Detected @ExceptionHandler methods in globalControllerExceptionHandler
2018-02-06 12:04:17.519  INFO 6988 --- [restartedMain] o.s.w.s.handler.SimpleUrlHandlerMapping  : Mapped URL path [/**/favicon.ico] onto handler of type [class org.springframework.web.servlet.resource.ResourceHttpRequestHandler]
2018-02-06 12:04:17.690  INFO 6988 --- [restartedMain] o.s.b.d.a.OptionalLiveReloadServer       : LiveReload server is running on port 35729
2018-02-06 12:04:17.825  INFO 6988 --- [restartedMain] o.s.j.e.a.AnnotationMBeanExporter        : Registering beans for JMX exposure on startup
2018-02-06 12:04:17.900  INFO 6988 --- [restartedMain] s.b.c.e.t.TomcatEmbeddedServletContainer : Tomcat started on port(s): 8888 (http)
2018-02-06 12:04:17.906  INFO 6988 --- [restartedMain] c.v.review.ProductReviewApplication      : Started ProductReviewApplication in 2.72 seconds (JVM running for 2552.43)
2018-02-06 12:04:34.115  INFO 6988 --- [http-nio-8888-exec-2] o.a.c.c.C.[Tomcat].[localhost].[/]       : Initializing Spring FrameworkServlet 'dispatcherServlet'
2018-02-06 12:04:34.115  INFO 6988 --- [http-nio-8888-exec-2] o.s.web.servlet.DispatcherServlet        : FrameworkServlet 'dispatcherServlet': initialization started
2018-02-06 12:04:34.122  INFO 6988 --- [http-nio-8888-exec-2] o.s.web.servlet.DispatcherServlet        : FrameworkServlet 'dispatcherServlet': initialization completed in 7 ms
2018-02-06 12:04:34.189 DEBUG 6988 --- [http-nio-8888-exec-2] c.v.review.service.impl.UserServiceImpl  : encryptPassword : passwd : pwd12345
2018-02-06 12:04:34.401 DEBUG 6988 --- [http-nio-8888-exec-2] c.v.review.service.impl.UserServiceImpl  : encryptPassword : encrypPpasswd : $2a$10$kEw9R/.jloMwA363VaRH8.cMqRqjpfluJ7u9OX.OnVJF616rPc.i2
2018-02-06 12:04:34.417 DEBUG 6988 --- [http-nio-8888-exec-2] c.v.review.service.impl.UserServiceImpl  : Created User Id is 1
2018-02-06 12:04:34.417 DEBUG 6988 --- [http-nio-8888-exec-2] c.v.review.controller.UserController     : User Id 1
2018-02-06 12:04:34.418 DEBUG 6988 --- [http-nio-8888-exec-2] c.v.review.controller.UserController     : uri/api/user/add
2018-02-06 12:04:37.107 DEBUG 6988 --- [http-nio-8888-exec-6] c.v.review.security.rest.LoginFilter     : Request is to process authentication
2018-02-06 12:04:37.161 DEBUG 6988 --- [http-nio-8888-exec-6] c.v.review.security.rest.LoginFilter     : attemptAuthentication : user.getUserName() : vignesh.r90@gmail.com
2018-02-06 12:04:37.161 DEBUG 6988 --- [http-nio-8888-exec-6] c.v.review.security.rest.LoginFilter     : attemptAuthentication : user.getPassword() : pwd12345
2018-02-06 12:04:37.163  INFO 6988 --- [http-nio-8888-exec-6] o.h.h.i.QueryTranslatorFactoryInitiator  : HHH000397: Using ASTQueryTranslatorFactory
2018-02-06 12:04:37.188 DEBUG 6988 --- [http-nio-8888-exec-6] c.v.review.service.UserDetailsService    : loadUserByUsername : user.getEmail() vignesh.r90@gmail.com
2018-02-06 12:04:37.189 DEBUG 6988 --- [http-nio-8888-exec-6] c.v.review.service.UserDetailsService    : loadUserByUsername : user.getPassword() $2a$10$kEw9R/.jloMwA363VaRH8.cMqRqjpfluJ7u9OX.OnVJF616rPc.i2
2018-02-06 12:04:37.198 DEBUG 6988 --- [http-nio-8888-exec-6] c.v.review.service.UserDetailsService    : loadUserByUsername : user.getEmail() vignesh.r90@gmail.com
2018-02-06 12:04:37.198 DEBUG 6988 --- [http-nio-8888-exec-6] c.v.review.service.UserDetailsService    : loadUserByUsername : user.getPassword() $2a$10$kEw9R/.jloMwA363VaRH8.cMqRqjpfluJ7u9OX.OnVJF616rPc.i2
2018-02-06 12:04:37.205 DEBUG 6988 --- [http-nio-8888-exec-6] c.v.review.security.rest.LoginFilter     : Authentication request failed: org.springframework.security.authentication.BadCredentialsException: Bad credentials

org.springframework.security.authentication.BadCredentialsException: Bad credentials
	at org.springframework.security.authentication.dao.DaoAuthenticationProvider.additionalAuthenticationChecks(DaoAuthenticationProvider.java:98) ~[spring-security-core-4.2.4.RELEASE.jar:4.2.4.RELEASE]
	at org.springframework.security.authentication.dao.AbstractUserDetailsAuthenticationProvider.authenticate(AbstractUserDetailsAuthenticationProvider.java:166) ~[spring-security-core-4.2.4.RELEASE.jar:4.2.4.RELEASE]
	at org.springframework.security.authentication.ProviderManager.authenticate(ProviderManager.java:174) ~[spring-security-core-4.2.4.RELEASE.jar:4.2.4.RELEASE]
	at com.vehicle.review.security.rest.LoginFilter.attemptAuthentication(LoginFilter.java:57) ~[bin/:na]
	at org.springframework.security.web.authentication.AbstractAuthenticationProcessingFilter.doFilter(AbstractAuthenticationProcessingFilter.java:212) ~[spring-security-web-4.2.4.RELEASE.jar:4.2.4.RELEASE]
	at org.springframework.security.web.FilterChainProxy$VirtualFilterChain.doFilter(FilterChainProxy.java:331) [spring-security-web-4.2.4.RELEASE.jar:4.2.4.RELEASE]
	at org.springframework.security.web.FilterChainProxy.doFilterInternal(FilterChainProxy.java:214) [spring-security-web-4.2.4.RELEASE.jar:4.2.4.RELEASE]
	at org.springframework.security.web.FilterChainProxy.doFilter(FilterChainProxy.java:177) [spring-security-web-4.2.4.RELEASE.jar:4.2.4.RELEASE]
	at org.springframework.web.filter.DelegatingFilterProxy.invokeDelegate(DelegatingFilterProxy.java:347) [spring-web-4.3.14.RELEASE.jar:4.3.14.RELEASE]
	at org.springframework.web.filter.DelegatingFilterProxy.doFilter(DelegatingFilterProxy.java:263) [spring-web-4.3.14.RELEASE.jar:4.3.14.RELEASE]
	at org.apache.catalina.core.ApplicationFilterChain.internalDoFilter(ApplicationFilterChain.java:193) [tomcat-embed-core-8.5.27.jar:8.5.27]
	at org.apache.catalina.core.ApplicationFilterChain.doFilter(ApplicationFilterChain.java:166) [tomcat-embed-core-8.5.27.jar:8.5.27]
	at org.springframework.web.filter.RequestContextFilter.doFilterInternal(RequestContextFilter.java:99) [spring-web-4.3.14.RELEASE.jar:4.3.14.RELEASE]
	at org.springframework.web.filter.OncePerRequestFilter.doFilter(OncePerRequestFilter.java:107) [spring-web-4.3.14.RELEASE.jar:4.3.14.RELEASE]
	at org.apache.catalina.core.ApplicationFilterChain.internalDoFilter(ApplicationFilterChain.java:193) [tomcat-embed-core-8.5.27.jar:8.5.27]
	at org.apache.catalina.core.ApplicationFilterChain.doFilter(ApplicationFilterChain.java:166) [tomcat-embed-core-8.5.27.jar:8.5.27]
	at org.springframework.web.filter.HttpPutFormContentFilter.doFilterInternal(HttpPutFormContentFilter.java:108) [spring-web-4.3.14.RELEASE.jar:4.3.14.RELEASE]
	at org.springframework.web.filter.OncePerRequestFilter.doFilter(OncePerRequestFilter.java:107) [spring-web-4.3.14.RELEASE.jar:4.3.14.RELEASE]
	at org.apache.catalina.core.ApplicationFilterChain.internalDoFilter(ApplicationFilterChain.java:193) [tomcat-embed-core-8.5.27.jar:8.5.27]
	at org.apache.catalina.core.ApplicationFilterChain.doFilter(ApplicationFilterChain.java:166) [tomcat-embed-core-8.5.27.jar:8.5.27]
	at org.springframework.web.filter.HiddenHttpMethodFilter.doFilterInternal(HiddenHttpMethodFilter.java:81) [spring-web-4.3.14.RELEASE.jar:4.3.14.RELEASE]
	at org.springframework.web.filter.OncePerRequestFilter.doFilter(OncePerRequestFilter.java:107) [spring-web-4.3.14.RELEASE.jar:4.3.14.RELEASE]
	at org.apache.catalina.core.ApplicationFilterChain.internalDoFilter(ApplicationFilterChain.java:193) [tomcat-embed-core-8.5.27.jar:8.5.27]
	at org.apache.catalina.core.ApplicationFilterChain.doFilter(ApplicationFilterChain.java:166) [tomcat-embed-core-8.5.27.jar:8.5.27]
	at org.springframework.web.filter.CharacterEncodingFilter.doFilterInternal(CharacterEncodingFilter.java:197) [spring-web-4.3.14.RELEASE.jar:4.3.14.RELEASE]
	at org.springframework.web.filter.OncePerRequestFilter.doFilter(OncePerRequestFilter.java:107) [spring-web-4.3.14.RELEASE.jar:4.3.14.RELEASE]
	at org.apache.catalina.core.ApplicationFilterChain.internalDoFilter(ApplicationFilterChain.java:193) [tomcat-embed-core-8.5.27.jar:8.5.27]
	at org.apache.catalina.core.ApplicationFilterChain.doFilter(ApplicationFilterChain.java:166) [tomcat-embed-core-8.5.27.jar:8.5.27]
	at org.apache.catalina.core.StandardWrapperValve.invoke(StandardWrapperValve.java:199) [tomcat-embed-core-8.5.27.jar:8.5.27]
	at org.apache.catalina.core.StandardContextValve.invoke(StandardContextValve.java:96) [tomcat-embed-core-8.5.27.jar:8.5.27]
	at org.apache.catalina.authenticator.AuthenticatorBase.invoke(AuthenticatorBase.java:504) [tomcat-embed-core-8.5.27.jar:8.5.27]
	at org.apache.catalina.core.StandardHostValve.invoke(StandardHostValve.java:140) [tomcat-embed-core-8.5.27.jar:8.5.27]
	at org.apache.catalina.valves.ErrorReportValve.invoke(ErrorReportValve.java:81) [tomcat-embed-core-8.5.27.jar:8.5.27]
	at org.apache.catalina.core.StandardEngineValve.invoke(StandardEngineValve.java:87) [tomcat-embed-core-8.5.27.jar:8.5.27]
	at org.apache.catalina.connector.CoyoteAdapter.service(CoyoteAdapter.java:342) [tomcat-embed-core-8.5.27.jar:8.5.27]
	at org.apache.coyote.http11.Http11Processor.service(Http11Processor.java:803) [tomcat-embed-core-8.5.27.jar:8.5.27]
	at org.apache.coyote.AbstractProcessorLight.process(AbstractProcessorLight.java:66) [tomcat-embed-core-8.5.27.jar:8.5.27]
	at org.apache.coyote.AbstractProtocol$ConnectionHandler.process(AbstractProtocol.java:790) [tomcat-embed-core-8.5.27.jar:8.5.27]
	at org.apache.tomcat.util.net.NioEndpoint$SocketProcessor.doRun(NioEndpoint.java:1459) [tomcat-embed-core-8.5.27.jar:8.5.27]
	at org.apache.tomcat.util.net.SocketProcessorBase.run(SocketProcessorBase.java:49) [tomcat-embed-core-8.5.27.jar:8.5.27]
	at java.util.concurrent.ThreadPoolExecutor.runWorker(Unknown Source) [na:1.8.0_161]
	at java.util.concurrent.ThreadPoolExecutor$Worker.run(Unknown Source) [na:1.8.0_161]
	at org.apache.tomcat.util.threads.TaskThread$WrappingRunnable.run(TaskThread.java:61) [tomcat-embed-core-8.5.27.jar:8.5.27]
	at java.lang.Thread.run(Unknown Source) [na:1.8.0_161]

2018-02-06 12:04:37.218 DEBUG 6988 --- [http-nio-8888-exec-6] c.v.review.security.rest.LoginFilter     : Updated SecurityContextHolder to contain null Authentication
2018-02-06 12:04:37.218 DEBUG 6988 --- [http-nio-8888-exec-6] c.v.review.security.rest.LoginFilter     : Delegating to authentication failure handler org.springframework.security.web.authentication.SimpleUrlAuthenticationFailureHandler@51618db4
2018-02-06 12:08:17.122  INFO 6988 --- [Thread-81] ationConfigEmbeddedWebApplicationContext : Closing org.springframework.boot.context.embedded.AnnotationConfigEmbeddedWebApplicationContext@2113f13: startup date [Tue Feb 06 12:04:15 IST 2018]; root of context hierarchy
2018-02-06 12:08:17.126  INFO 6988 --- [Thread-81] o.s.j.e.a.AnnotationMBeanExporter        : Unregistering JMX-exposed beans on shutdown
2018-02-06 12:08:17.127  INFO 6988 --- [Thread-81] j.LocalContainerEntityManagerFactoryBean : Closing JPA EntityManagerFactory for persistence unit 'default'
2018-02-06 12:08:17.128  INFO 6988 --- [Thread-81] org.hibernate.tool.hbm2ddl.SchemaExport  : HHH000227: Running hbm2ddl schema export
2018-02-06 12:08:17.131  INFO 6988 --- [Thread-81] org.hibernate.tool.hbm2ddl.SchemaExport  : HHH000230: Schema export complete
2018-02-06 12:08:18.921  INFO 6988 --- [restartedMain] c.v.review.ProductReviewApplication      : Starting ProductReviewApplication on ADMIN-PC with PID 6988 (C:\Users\ADMIN\git\ProductReview\bin started by ADMIN in C:\Users\ADMIN\git\ProductReview)
2018-02-06 12:08:18.921 DEBUG 6988 --- [restartedMain] c.v.review.ProductReviewApplication      : Running with Spring Boot v1.5.10.RELEASE, Spring v4.3.14.RELEASE
2018-02-06 12:08:18.922  INFO 6988 --- [restartedMain] c.v.review.ProductReviewApplication      : No active profile set, falling back to default profiles: default
2018-02-06 12:08:18.928  INFO 6988 --- [restartedMain] ationConfigEmbeddedWebApplicationContext : Refreshing org.springframework.boot.context.embedded.AnnotationConfigEmbeddedWebApplicationContext@6f5dc451: startup date [Tue Feb 06 12:08:18 IST 2018]; root of context hierarchy
2018-02-06 12:08:20.172  INFO 6988 --- [restartedMain] trationDelegate$BeanPostProcessorChecker : Bean 'org.springframework.transaction.annotation.ProxyTransactionManagementConfiguration' of type [org.springframework.transaction.annotation.ProxyTransactionManagementConfiguration$$EnhancerBySpringCGLIB$$ae38776] is not eligible for getting processed by all BeanPostProcessors (for example: not eligible for auto-proxying)
2018-02-06 12:08:20.430  INFO 6988 --- [restartedMain] s.b.c.e.t.TomcatEmbeddedServletContainer : Tomcat initialized with port(s): 8888 (http)
2018-02-06 12:08:20.431  INFO 6988 --- [restartedMain] o.apache.catalina.core.StandardService   : Starting service [Tomcat]
2018-02-06 12:08:20.431  INFO 6988 --- [restartedMain] org.apache.catalina.core.StandardEngine  : Starting Servlet Engine: Apache Tomcat/8.5.27
2018-02-06 12:08:20.467  INFO 6988 --- [localhost-startStop-1] o.a.c.c.C.[Tomcat].[localhost].[/]       : Initializing Spring embedded WebApplicationContext
2018-02-06 12:08:20.467  INFO 6988 --- [localhost-startStop-1] o.s.web.context.ContextLoader            : Root WebApplicationContext: initialization completed in 1539 ms
2018-02-06 12:08:20.567  INFO 6988 --- [localhost-startStop-1] o.s.b.w.servlet.FilterRegistrationBean   : Mapping filter: 'characterEncodingFilter' to: [/*]
2018-02-06 12:08:20.567  INFO 6988 --- [localhost-startStop-1] o.s.b.w.servlet.FilterRegistrationBean   : Mapping filter: 'hiddenHttpMethodFilter' to: [/*]
2018-02-06 12:08:20.567  INFO 6988 --- [localhost-startStop-1] o.s.b.w.servlet.FilterRegistrationBean   : Mapping filter: 'httpPutFormContentFilter' to: [/*]
2018-02-06 12:08:20.568  INFO 6988 --- [localhost-startStop-1] o.s.b.w.servlet.FilterRegistrationBean   : Mapping filter: 'requestContextFilter' to: [/*]
2018-02-06 12:08:20.568  INFO 6988 --- [localhost-startStop-1] .s.DelegatingFilterProxyRegistrationBean : Mapping filter: 'springSecurityFilterChain' to: [/*]
2018-02-06 12:08:20.568  INFO 6988 --- [localhost-startStop-1] o.s.b.w.servlet.ServletRegistrationBean  : Mapping servlet: 'dispatcherServlet' to [/]
2018-02-06 12:08:20.865  INFO 6988 --- [restartedMain] j.LocalContainerEntityManagerFactoryBean : Building JPA container EntityManagerFactory for persistence unit 'default'
2018-02-06 12:08:20.865  INFO 6988 --- [restartedMain] o.hibernate.jpa.internal.util.LogHelper  : HHH000204: Processing PersistenceUnitInfo [
	name: default
	...]
2018-02-06 12:08:20.895  INFO 6988 --- [restartedMain] org.hibernate.dialect.Dialect            : HHH000400: Using dialect: org.hibernate.dialect.HSQLDialect
2018-02-06 12:08:20.928  INFO 6988 --- [restartedMain] org.hibernate.tool.hbm2ddl.SchemaExport  : HHH000227: Running hbm2ddl schema export
2018-02-06 12:08:20.931  INFO 6988 --- [restartedMain] org.hibernate.tool.hbm2ddl.SchemaExport  : HHH000230: Schema export complete
2018-02-06 12:08:20.934  INFO 6988 --- [restartedMain] j.LocalContainerEntityManagerFactoryBean : Initialized JPA EntityManagerFactory for persistence unit 'default'
2018-02-06 12:08:21.494  INFO 6988 --- [restartedMain] o.s.s.web.DefaultSecurityFilterChain     : Creating filter chain: org.springframework.security.web.util.matcher.AnyRequestMatcher@1, [com.vehicle.review.security.rest.LoginFilter@7066756d, org.springframework.security.web.authentication.UsernamePasswordAuthenticationFilter@3bf6065d, org.springframework.security.web.servletapi.SecurityContextHolderAwareRequestFilter@27db15d3, org.springframework.security.web.authentication.AnonymousAuthenticationFilter@3ef56440, org.springframework.security.web.access.ExceptionTranslationFilter@615e3258, org.springframework.security.web.access.intercept.FilterSecurityInterceptor@711a4f76]
2018-02-06 12:08:21.725  INFO 6988 --- [restartedMain] s.w.s.m.m.a.RequestMappingHandlerAdapter : Looking for @ControllerAdvice: org.springframework.boot.context.embedded.AnnotationConfigEmbeddedWebApplicationContext@6f5dc451: startup date [Tue Feb 06 12:08:18 IST 2018]; root of context hierarchy
2018-02-06 12:08:21.752  INFO 6988 --- [restartedMain] s.w.s.m.m.a.RequestMappingHandlerMapping : Mapped "{[/api/user/{id}],methods=[GET]}" onto public org.springframework.http.ResponseEntity<com.vehicle.review.domain.User> com.vehicle.review.controller.UserController.get(java.lang.Long)
2018-02-06 12:08:21.752  INFO 6988 --- [restartedMain] s.w.s.m.m.a.RequestMappingHandlerMapping : Mapped "{[/api/user/add],methods=[POST]}" onto public org.springframework.http.ResponseEntity<?> com.vehicle.review.controller.UserController.create(com.vehicle.review.domain.User,javax.servlet.http.HttpServletRequest) throws java.net.URISyntaxException
2018-02-06 12:08:21.756  INFO 6988 --- [restartedMain] s.w.s.m.m.a.RequestMappingHandlerMapping : Mapped "{[/error]}" onto public org.springframework.http.ResponseEntity<java.util.Map<java.lang.String, java.lang.Object>> org.springframework.boot.autoconfigure.web.BasicErrorController.error(javax.servlet.http.HttpServletRequest)
2018-02-06 12:08:21.756  INFO 6988 --- [restartedMain] s.w.s.m.m.a.RequestMappingHandlerMapping : Mapped "{[/error],produces=[text/html]}" onto public org.springframework.web.servlet.ModelAndView org.springframework.boot.autoconfigure.web.BasicErrorController.errorHtml(javax.servlet.http.HttpServletRequest,javax.servlet.http.HttpServletResponse)
2018-02-06 12:08:21.773  INFO 6988 --- [restartedMain] o.s.w.s.handler.SimpleUrlHandlerMapping  : Mapped URL path [/webjars/**] onto handler of type [class org.springframework.web.servlet.resource.ResourceHttpRequestHandler]
2018-02-06 12:08:21.773  INFO 6988 --- [restartedMain] o.s.w.s.handler.SimpleUrlHandlerMapping  : Mapped URL path [/**] onto handler of type [class org.springframework.web.servlet.resource.ResourceHttpRequestHandler]
2018-02-06 12:08:21.796  INFO 6988 --- [restartedMain] .m.m.a.ExceptionHandlerExceptionResolver : Detected @ExceptionHandler methods in globalControllerExceptionHandler
2018-02-06 12:08:21.805  INFO 6988 --- [restartedMain] o.s.w.s.handler.SimpleUrlHandlerMapping  : Mapped URL path [/**/favicon.ico] onto handler of type [class org.springframework.web.servlet.resource.ResourceHttpRequestHandler]
2018-02-06 12:08:22.005  INFO 6988 --- [restartedMain] o.s.b.d.a.OptionalLiveReloadServer       : LiveReload server is running on port 35729
2018-02-06 12:08:22.142  INFO 6988 --- [restartedMain] o.s.j.e.a.AnnotationMBeanExporter        : Registering beans for JMX exposure on startup
2018-02-06 12:08:22.184  INFO 6988 --- [restartedMain] s.b.c.e.t.TomcatEmbeddedServletContainer : Tomcat started on port(s): 8888 (http)
2018-02-06 12:08:22.191  INFO 6988 --- [restartedMain] c.v.review.ProductReviewApplication      : Started ProductReviewApplication in 3.354 seconds (JVM running for 2796.713)
2018-02-06 12:08:36.327  INFO 6988 --- [http-nio-8888-exec-2] o.a.c.c.C.[Tomcat].[localhost].[/]       : Initializing Spring FrameworkServlet 'dispatcherServlet'
2018-02-06 12:08:36.327  INFO 6988 --- [http-nio-8888-exec-2] o.s.web.servlet.DispatcherServlet        : FrameworkServlet 'dispatcherServlet': initialization started
2018-02-06 12:08:36.338  INFO 6988 --- [http-nio-8888-exec-2] o.s.web.servlet.DispatcherServlet        : FrameworkServlet 'dispatcherServlet': initialization completed in 10 ms
2018-02-06 12:08:36.372 DEBUG 6988 --- [http-nio-8888-exec-2] c.v.review.service.impl.UserServiceImpl  : encryptPassword : passwd : pwd12345
2018-02-06 12:08:36.904 DEBUG 6988 --- [http-nio-8888-exec-2] c.v.review.service.impl.UserServiceImpl  : encryptPassword : encrypPpasswd : $2a$10$KV69aMjt7sxCHXa1uMpZcOBQ3qXf9aHV2ggOEUSDTzeImtjfPgwEe
2018-02-06 12:08:36.924 DEBUG 6988 --- [http-nio-8888-exec-2] c.v.review.service.impl.UserServiceImpl  : Created User Id is 1
2018-02-06 12:08:36.924 DEBUG 6988 --- [http-nio-8888-exec-2] c.v.review.controller.UserController     : User Id 1
2018-02-06 12:08:36.925 DEBUG 6988 --- [http-nio-8888-exec-2] c.v.review.controller.UserController     : uri/api/user/add
2018-02-06 12:08:40.069 DEBUG 6988 --- [http-nio-8888-exec-1] c.v.review.security.rest.LoginFilter     : Request is to process authentication
2018-02-06 12:08:40.077 DEBUG 6988 --- [http-nio-8888-exec-1] c.v.review.security.rest.LoginFilter     : attemptAuthentication : user.getUserName() : vignesh.r90@gmail.com
2018-02-06 12:08:40.079 DEBUG 6988 --- [http-nio-8888-exec-1] c.v.review.security.rest.LoginFilter     : attemptAuthentication : user.getPassword() : pwd12345
2018-02-06 12:08:40.081  INFO 6988 --- [http-nio-8888-exec-1] o.h.h.i.QueryTranslatorFactoryInitiator  : HHH000397: Using ASTQueryTranslatorFactory
2018-02-06 12:08:40.099 DEBUG 6988 --- [http-nio-8888-exec-1] c.v.review.service.UserDetailsService    : loadUserByUsername : user.getEmail() vignesh.r90@gmail.com
2018-02-06 12:08:40.099 DEBUG 6988 --- [http-nio-8888-exec-1] c.v.review.service.UserDetailsService    : loadUserByUsername : user.getPassword() $2a$10$KV69aMjt7sxCHXa1uMpZcOBQ3qXf9aHV2ggOEUSDTzeImtjfPgwEe
2018-02-06 12:08:40.103 DEBUG 6988 --- [http-nio-8888-exec-1] c.v.review.service.UserDetailsService    : loadUserByUsername : user.getEmail() vignesh.r90@gmail.com
2018-02-06 12:08:40.103 DEBUG 6988 --- [http-nio-8888-exec-1] c.v.review.service.UserDetailsService    : loadUserByUsername : user.getPassword() $2a$10$KV69aMjt7sxCHXa1uMpZcOBQ3qXf9aHV2ggOEUSDTzeImtjfPgwEe
2018-02-06 12:13:21.318  INFO 6988 --- [RMI TCP Connection(2)-127.0.0.1] inMXBeanRegistrar$SpringApplicationAdmin : Application shutdown requested.
2018-02-06 12:13:21.318  INFO 6988 --- [RMI TCP Connection(2)-127.0.0.1] ationConfigEmbeddedWebApplicationContext : Closing org.springframework.boot.context.embedded.AnnotationConfigEmbeddedWebApplicationContext@6f5dc451: startup date [Tue Feb 06 12:08:18 IST 2018]; root of context hierarchy
2018-02-06 12:13:21.318  INFO 6988 --- [RMI TCP Connection(2)-127.0.0.1] o.s.j.e.a.AnnotationMBeanExporter        : Unregistering JMX-exposed beans on shutdown
2018-02-06 12:13:21.318  INFO 6988 --- [RMI TCP Connection(2)-127.0.0.1] j.LocalContainerEntityManagerFactoryBean : Closing JPA EntityManagerFactory for persistence unit 'default'
2018-02-06 12:13:21.318  INFO 6988 --- [RMI TCP Connection(2)-127.0.0.1] org.hibernate.tool.hbm2ddl.SchemaExport  : HHH000227: Running hbm2ddl schema export
2018-02-06 12:13:21.318  INFO 6988 --- [RMI TCP Connection(2)-127.0.0.1] org.hibernate.tool.hbm2ddl.SchemaExport  : HHH000230: Schema export complete
2018-02-07 08:12:01.512  INFO 3956 --- [restartedMain] c.v.review.ProductReviewApplication      : Starting ProductReviewApplication on ADMIN-PC with PID 3956 (C:\Users\ADMIN\git\ProductReview\bin started by ADMIN in C:\Users\ADMIN\git\ProductReview)
2018-02-07 08:12:01.591 DEBUG 3956 --- [restartedMain] c.v.review.ProductReviewApplication      : Running with Spring Boot v1.5.10.RELEASE, Spring v4.3.14.RELEASE
2018-02-07 08:12:01.592  INFO 3956 --- [restartedMain] c.v.review.ProductReviewApplication      : No active profile set, falling back to default profiles: default
2018-02-07 08:12:02.389  INFO 3956 --- [restartedMain] ationConfigEmbeddedWebApplicationContext : Refreshing org.springframework.boot.context.embedded.AnnotationConfigEmbeddedWebApplicationContext@5d1d4576: startup date [Wed Feb 07 08:12:02 IST 2018]; root of context hierarchy
2018-02-07 08:12:10.777  INFO 3956 --- [restartedMain] trationDelegate$BeanPostProcessorChecker : Bean 'org.springframework.transaction.annotation.ProxyTransactionManagementConfiguration' of type [org.springframework.transaction.annotation.ProxyTransactionManagementConfiguration$$EnhancerBySpringCGLIB$$bae33bb8] is not eligible for getting processed by all BeanPostProcessors (for example: not eligible for auto-proxying)
2018-02-07 08:12:12.657  INFO 3956 --- [restartedMain] s.b.c.e.t.TomcatEmbeddedServletContainer : Tomcat initialized with port(s): 8888 (http)
2018-02-07 08:12:12.752  INFO 3956 --- [restartedMain] o.apache.catalina.core.StandardService   : Starting service [Tomcat]
2018-02-07 08:12:12.755  INFO 3956 --- [restartedMain] org.apache.catalina.core.StandardEngine  : Starting Servlet Engine: Apache Tomcat/8.5.27
2018-02-07 08:12:13.371  INFO 3956 --- [localhost-startStop-1] o.a.c.c.C.[Tomcat].[localhost].[/]       : Initializing Spring embedded WebApplicationContext
2018-02-07 08:12:13.372  INFO 3956 --- [localhost-startStop-1] o.s.web.context.ContextLoader            : Root WebApplicationContext: initialization completed in 10990 ms
2018-02-07 08:12:13.959  INFO 3956 --- [localhost-startStop-1] o.s.b.w.servlet.FilterRegistrationBean   : Mapping filter: 'characterEncodingFilter' to: [/*]
2018-02-07 08:12:13.962  INFO 3956 --- [localhost-startStop-1] o.s.b.w.servlet.FilterRegistrationBean   : Mapping filter: 'hiddenHttpMethodFilter' to: [/*]
2018-02-07 08:12:13.963  INFO 3956 --- [localhost-startStop-1] o.s.b.w.servlet.FilterRegistrationBean   : Mapping filter: 'httpPutFormContentFilter' to: [/*]
2018-02-07 08:12:13.963  INFO 3956 --- [localhost-startStop-1] o.s.b.w.servlet.FilterRegistrationBean   : Mapping filter: 'requestContextFilter' to: [/*]
2018-02-07 08:12:13.995  INFO 3956 --- [localhost-startStop-1] .s.DelegatingFilterProxyRegistrationBean : Mapping filter: 'springSecurityFilterChain' to: [/*]
2018-02-07 08:12:13.998  INFO 3956 --- [localhost-startStop-1] o.s.b.w.servlet.ServletRegistrationBean  : Mapping servlet: 'dispatcherServlet' to [/]
2018-02-07 08:12:17.022  INFO 3956 --- [restartedMain] j.LocalContainerEntityManagerFactoryBean : Building JPA container EntityManagerFactory for persistence unit 'default'
2018-02-07 08:12:17.067  INFO 3956 --- [restartedMain] o.hibernate.jpa.internal.util.LogHelper  : HHH000204: Processing PersistenceUnitInfo [
	name: default
	...]
2018-02-07 08:12:17.632  INFO 3956 --- [restartedMain] org.hibernate.Version                    : HHH000412: Hibernate Core {5.0.12.Final}
2018-02-07 08:12:17.636  INFO 3956 --- [restartedMain] org.hibernate.cfg.Environment            : HHH000206: hibernate.properties not found
2018-02-07 08:12:17.676  INFO 3956 --- [restartedMain] org.hibernate.cfg.Environment            : HHH000021: Bytecode provider name : javassist
2018-02-07 08:12:19.160  INFO 3956 --- [restartedMain] o.hibernate.annotations.common.Version   : HCANN000001: Hibernate Commons Annotations {5.0.1.Final}
2018-02-07 08:12:19.584  INFO 3956 --- [restartedMain] org.hibernate.dialect.Dialect            : HHH000400: Using dialect: org.hibernate.dialect.HSQLDialect
2018-02-07 08:12:21.612  INFO 3956 --- [restartedMain] org.hibernate.tool.hbm2ddl.SchemaExport  : HHH000227: Running hbm2ddl schema export
2018-02-07 08:12:21.629  INFO 3956 --- [restartedMain] org.hibernate.tool.hbm2ddl.SchemaExport  : HHH000230: Schema export complete
2018-02-07 08:12:21.736  INFO 3956 --- [restartedMain] j.LocalContainerEntityManagerFactoryBean : Initialized JPA EntityManagerFactory for persistence unit 'default'
2018-02-07 08:12:23.955  INFO 3956 --- [restartedMain] o.s.s.web.DefaultSecurityFilterChain     : Creating filter chain: org.springframework.security.web.util.matcher.AnyRequestMatcher@1, [com.vehicle.review.security.rest.LoginFilter@46d96208, org.springframework.security.web.authentication.UsernamePasswordAuthenticationFilter@3c3a3f0b, org.springframework.security.web.servletapi.SecurityContextHolderAwareRequestFilter@77a0accd, org.springframework.security.web.authentication.AnonymousAuthenticationFilter@476d0d63, org.springframework.security.web.access.ExceptionTranslationFilter@2fe1b89c, org.springframework.security.web.access.intercept.FilterSecurityInterceptor@6029371f]
2018-02-07 08:12:25.198  INFO 3956 --- [restartedMain] s.w.s.m.m.a.RequestMappingHandlerAdapter : Looking for @ControllerAdvice: org.springframework.boot.context.embedded.AnnotationConfigEmbeddedWebApplicationContext@5d1d4576: startup date [Wed Feb 07 08:12:02 IST 2018]; root of context hierarchy
2018-02-07 08:12:25.495  INFO 3956 --- [restartedMain] s.w.s.m.m.a.RequestMappingHandlerMapping : Mapped "{[/api/user/{id}],methods=[GET]}" onto public org.springframework.http.ResponseEntity<com.vehicle.review.domain.User> com.vehicle.review.controller.UserController.get(java.lang.Long)
2018-02-07 08:12:25.501  INFO 3956 --- [restartedMain] s.w.s.m.m.a.RequestMappingHandlerMapping : Mapped "{[/api/user/add],methods=[POST]}" onto public org.springframework.http.ResponseEntity<?> com.vehicle.review.controller.UserController.create(com.vehicle.review.domain.User,javax.servlet.http.HttpServletRequest) throws java.net.URISyntaxException
2018-02-07 08:12:25.513  INFO 3956 --- [restartedMain] s.w.s.m.m.a.RequestMappingHandlerMapping : Mapped "{[/error]}" onto public org.springframework.http.ResponseEntity<java.util.Map<java.lang.String, java.lang.Object>> org.springframework.boot.autoconfigure.web.BasicErrorController.error(javax.servlet.http.HttpServletRequest)
2018-02-07 08:12:25.514  INFO 3956 --- [restartedMain] s.w.s.m.m.a.RequestMappingHandlerMapping : Mapped "{[/error],produces=[text/html]}" onto public org.springframework.web.servlet.ModelAndView org.springframework.boot.autoconfigure.web.BasicErrorController.errorHtml(javax.servlet.http.HttpServletRequest,javax.servlet.http.HttpServletResponse)
2018-02-07 08:12:25.654  INFO 3956 --- [restartedMain] o.s.w.s.handler.SimpleUrlHandlerMapping  : Mapped URL path [/webjars/**] onto handler of type [class org.springframework.web.servlet.resource.ResourceHttpRequestHandler]
2018-02-07 08:12:25.655  INFO 3956 --- [restartedMain] o.s.w.s.handler.SimpleUrlHandlerMapping  : Mapped URL path [/**] onto handler of type [class org.springframework.web.servlet.resource.ResourceHttpRequestHandler]
2018-02-07 08:12:25.818  INFO 3956 --- [restartedMain] .m.m.a.ExceptionHandlerExceptionResolver : Detected @ExceptionHandler methods in globalControllerExceptionHandler
2018-02-07 08:12:26.494  INFO 3956 --- [restartedMain] o.s.w.s.handler.SimpleUrlHandlerMapping  : Mapped URL path [/**/favicon.ico] onto handler of type [class org.springframework.web.servlet.resource.ResourceHttpRequestHandler]
2018-02-07 08:12:28.624  INFO 3956 --- [restartedMain] o.s.b.d.a.OptionalLiveReloadServer       : LiveReload server is running on port 35729
2018-02-07 08:12:28.816  INFO 3956 --- [restartedMain] o.s.j.e.a.AnnotationMBeanExporter        : Registering beans for JMX exposure on startup
2018-02-07 08:12:29.437  INFO 3956 --- [restartedMain] s.b.c.e.t.TomcatEmbeddedServletContainer : Tomcat started on port(s): 8888 (http)
2018-02-07 08:12:29.450  INFO 3956 --- [restartedMain] c.v.review.ProductReviewApplication      : Started ProductReviewApplication in 30.065 seconds (JVM running for 35.251)
2018-02-07 08:13:19.611  INFO 3956 --- [http-nio-8888-exec-1] o.a.c.c.C.[Tomcat].[localhost].[/]       : Initializing Spring FrameworkServlet 'dispatcherServlet'
2018-02-07 08:13:19.624  INFO 3956 --- [http-nio-8888-exec-1] o.s.web.servlet.DispatcherServlet        : FrameworkServlet 'dispatcherServlet': initialization started
2018-02-07 08:13:19.684  INFO 3956 --- [http-nio-8888-exec-1] o.s.web.servlet.DispatcherServlet        : FrameworkServlet 'dispatcherServlet': initialization completed in 59 ms
2018-02-07 08:13:20.098 DEBUG 3956 --- [http-nio-8888-exec-1] c.v.review.service.impl.UserServiceImpl  : encryptPassword : passwd : pwd12345
2018-02-07 08:13:20.388 DEBUG 3956 --- [http-nio-8888-exec-1] c.v.review.service.impl.UserServiceImpl  : encryptPassword : encrypPpasswd : $2a$10$/i75tX7EJQ83Ow40j8dXf.KPpO1GnHkEGZ5erXhsIY9IkDBst.oMy
2018-02-07 08:13:20.577 DEBUG 3956 --- [http-nio-8888-exec-1] c.v.review.service.impl.UserServiceImpl  : Created User Id is 1
2018-02-07 08:13:20.578 DEBUG 3956 --- [http-nio-8888-exec-1] c.v.review.controller.UserController     : User Id 1
2018-02-07 08:13:20.579 DEBUG 3956 --- [http-nio-8888-exec-1] c.v.review.controller.UserController     : uri/api/user/add
2018-02-07 08:13:27.885 DEBUG 3956 --- [http-nio-8888-exec-4] c.v.review.security.rest.LoginFilter     : Request is to process authentication
2018-02-07 08:13:27.888 DEBUG 3956 --- [http-nio-8888-exec-4] c.v.review.security.rest.LoginFilter     : attemptAuthentication : user.getUserName() : vignesh.r90@gmail.com
2018-02-07 08:13:27.889 DEBUG 3956 --- [http-nio-8888-exec-4] c.v.review.security.rest.LoginFilter     : attemptAuthentication : user.getPassword() : pwd12345
2018-02-07 08:13:28.093  INFO 3956 --- [http-nio-8888-exec-4] o.h.h.i.QueryTranslatorFactoryInitiator  : HHH000397: Using ASTQueryTranslatorFactory
2018-02-07 08:13:29.316 DEBUG 3956 --- [http-nio-8888-exec-4] c.v.review.service.UserDetailsService    : loadUserByUsername : user.getEmail() vignesh.r90@gmail.com
2018-02-07 08:13:29.316 DEBUG 3956 --- [http-nio-8888-exec-4] c.v.review.service.UserDetailsService    : loadUserByUsername : user.getPassword() $2a$10$/i75tX7EJQ83Ow40j8dXf.KPpO1GnHkEGZ5erXhsIY9IkDBst.oMy
2018-02-07 08:13:29.325 DEBUG 3956 --- [http-nio-8888-exec-4] c.v.review.service.UserDetailsService    : loadUserByUsername : user.getEmail() vignesh.r90@gmail.com
2018-02-07 08:13:29.326 DEBUG 3956 --- [http-nio-8888-exec-4] c.v.review.service.UserDetailsService    : loadUserByUsername : user.getPassword() $2a$10$/i75tX7EJQ83Ow40j8dXf.KPpO1GnHkEGZ5erXhsIY9IkDBst.oMy
